  [1m[35m (356.6ms)[0m  [1m[35mCREATE DATABASE "routes_controllers_development" ENCODING = 'unicode'[0m
  ↳ bin/rails:9
  [1m[35m (320.9ms)[0m  [1m[35mCREATE DATABASE "routes_controllers_test" ENCODING = 'unicode'[0m
  ↳ bin/rails:9
Started GET "/" for 127.0.0.1 at 2022-06-29 11:50:36 -0700
Processing by Rails::WelcomeController#index as HTML
  Rendering /home/stachecoding2/.rbenv/versions/2.5.1/lib/ruby/gems/2.5.0/gems/railties-5.2.8/lib/rails/templates/rails/welcome/index.html.erb
  Rendered /home/stachecoding2/.rbenv/versions/2.5.1/lib/ruby/gems/2.5.0/gems/railties-5.2.8/lib/rails/templates/rails/welcome/index.html.erb (4.7ms)
Completed 200 OK in 21ms (Views: 12.8ms | ActiveRecord: 0.0ms)


Started GET "/users" for 127.0.0.1 at 2022-06-29 11:50:48 -0700

ActionController::RoutingError - uninitialized constant UsersController:

Started POST "/__better_errors/bac778837b59e468/variables" for 127.0.0.1 at 2022-06-29 11:50:49 -0700
Started GET "/" for 127.0.0.1 at 2022-06-29 11:52:18 -0700
Processing by Rails::WelcomeController#index as HTML
  Rendering /home/stachecoding2/.rbenv/versions/2.5.1/lib/ruby/gems/2.5.0/gems/railties-5.2.8/lib/rails/templates/rails/welcome/index.html.erb
  Rendered /home/stachecoding2/.rbenv/versions/2.5.1/lib/ruby/gems/2.5.0/gems/railties-5.2.8/lib/rails/templates/rails/welcome/index.html.erb (3.8ms)
Completed 200 OK in 10ms (Views: 6.5ms | ActiveRecord: 0.0ms)


Started GET "/" for ::1 at 2022-06-29 11:52:38 -0700
Processing by Rails::WelcomeController#index as */*
  Rendering /home/stachecoding2/.rbenv/versions/2.5.1/lib/ruby/gems/2.5.0/gems/railties-5.2.8/lib/rails/templates/rails/welcome/index.html.erb
  Rendered /home/stachecoding2/.rbenv/versions/2.5.1/lib/ruby/gems/2.5.0/gems/railties-5.2.8/lib/rails/templates/rails/welcome/index.html.erb (2.7ms)
Completed 200 OK in 17ms (Views: 8.8ms | ActiveRecord: 0.0ms)


Started GET "/users" for 127.0.0.1 at 2022-06-29 11:53:24 -0700

ActionController::RoutingError - uninitialized constant UsersController:

Started GET "/users" for ::1 at 2022-06-29 11:53:44 -0700

ActionController::RoutingError - uninitialized constant UsersController:

Started GET "/users" for 127.0.0.1 at 2022-06-29 11:54:37 -0700

ActionController::RoutingError - uninitialized constant UsersController:

Started GET "/users" for 127.0.0.1 at 2022-06-29 11:54:49 -0700

ActionController::RoutingError - uninitialized constant UsersController:

Started GET "/users" for 127.0.0.1 at 2022-06-29 11:55:03 -0700

ActionController::RoutingError - uninitialized constant UsersController:

Started GET "/" for ::1 at 2022-06-29 12:03:01 -0700
Processing by Rails::WelcomeController#index as HTML
  Rendering /home/stachecoding2/.rbenv/versions/2.5.1/lib/ruby/gems/2.5.0/gems/railties-5.2.8/lib/rails/templates/rails/welcome/index.html.erb
  Rendered /home/stachecoding2/.rbenv/versions/2.5.1/lib/ruby/gems/2.5.0/gems/railties-5.2.8/lib/rails/templates/rails/welcome/index.html.erb (3.2ms)
Completed 200 OK in 16ms (Views: 10.0ms | ActiveRecord: 0.0ms)


Started GET "/users" for 127.0.0.1 at 2022-06-29 12:03:12 -0700

ActionController::RoutingError - uninitialized constant UsersController:

Started GET "/users" for ::1 at 2022-06-29 12:03:58 -0700

ActionController::RoutingError - uninitialized constant UsersController:

Started GET "/users" for 127.0.0.1 at 2022-06-29 12:05:50 -0700

ActionController::RoutingError - uninitialized constant UsersController:

Started GET "/users" for 127.0.0.1 at 2022-06-29 12:07:08 -0700
Processing by UsersController#index as */*
Completed 500 Internal Server Error in 192ms (ActiveRecord: 0.0ms)



NoMethodError - undefined method `plain' for #<UsersController:0x0000558a41ead140>:
  app/controllers/users_controller.rb:4:in `index'

Started GET "/users" for 127.0.0.1 at 2022-06-29 12:07:34 -0700
Processing by UsersController#index as */*
Completed 500 Internal Server Error in 195ms (ActiveRecord: 0.0ms)



NoMethodError - undefined method `plain' for #<UsersController:0x0000558a42f8e090>:
  app/controllers/users_controller.rb:4:in `index'

Started GET "/users" for 127.0.0.1 at 2022-06-29 12:07:50 -0700
Processing by UsersController#index as */*
  Rendering text template
  Rendered text template (0.0ms)
Completed 200 OK in 44ms (Views: 42.7ms | ActiveRecord: 0.0ms)


Started GET "/users?fav_food=pizza" for 127.0.0.1 at 2022-06-29 12:08:43 -0700
Processing by UsersController#index as */*
  Parameters: {"fav_food"=>"pizza"}
  Rendering text template
  Rendered text template (0.1ms)
Completed 200 OK in 3ms (Views: 1.4ms | ActiveRecord: 0.0ms)


Started POST "/users?fav_food=pizza" for 127.0.0.1 at 2022-06-29 12:10:01 -0700

AbstractController::ActionNotFound - The action 'create' could not be found for UsersController:

Started POST "/users?fav_food=pizza" for 127.0.0.1 at 2022-06-29 12:10:47 -0700
Processing by UsersController#create as */*
  Parameters: {"users"=>{"body"=>"This is our new user"}, "fav_food"=>"pizza"}
Completed 200 OK in 1ms (Views: 0.4ms | ActiveRecord: 0.0ms)


Started GET "/users/2" for 127.0.0.1 at 2022-06-29 12:12:20 -0700

AbstractController::ActionNotFound - The action 'show' could not be found for UsersController:

Started GET "/users/2" for 127.0.0.1 at 2022-06-29 12:13:23 -0700

AbstractController::ActionNotFound - The action 'show' could not be found for UsersController:

Started GET "/users/2" for 127.0.0.1 at 2022-06-29 12:13:36 -0700
Processing by UsersController#show as */*
  Parameters: {"id"=>"2"}
Completed 200 OK in 2ms (Views: 0.4ms | ActiveRecord: 0.0ms)


Started POST "/users/2" for 127.0.0.1 at 2022-06-29 12:16:02 -0700
  
ActionController::RoutingError (No route matches [POST] "/users/2"):
  
actionpack (5.2.8) lib/action_dispatch/middleware/debug_exceptions.rb:65:in `call'
web-console (3.7.0) lib/web_console/middleware.rb:135:in `call_app'
web-console (3.7.0) lib/web_console/middleware.rb:30:in `block in call'
web-console (3.7.0) lib/web_console/middleware.rb:20:in `catch'
web-console (3.7.0) lib/web_console/middleware.rb:20:in `call'
actionpack (5.2.8) lib/action_dispatch/middleware/show_exceptions.rb:33:in `call'
railties (5.2.8) lib/rails/rack/logger.rb:38:in `call_app'
railties (5.2.8) lib/rails/rack/logger.rb:26:in `block in call'
activesupport (5.2.8) lib/active_support/tagged_logging.rb:71:in `block in tagged'
activesupport (5.2.8) lib/active_support/tagged_logging.rb:28:in `tagged'
activesupport (5.2.8) lib/active_support/tagged_logging.rb:71:in `tagged'
railties (5.2.8) lib/rails/rack/logger.rb:26:in `call'
sprockets-rails (3.4.2) lib/sprockets/rails/quiet_assets.rb:13:in `call'
actionpack (5.2.8) lib/action_dispatch/middleware/remote_ip.rb:81:in `call'
actionpack (5.2.8) lib/action_dispatch/middleware/request_id.rb:27:in `call'
rack (2.2.3.1) lib/rack/method_override.rb:24:in `call'
rack (2.2.3.1) lib/rack/runtime.rb:22:in `call'
activesupport (5.2.8) lib/active_support/cache/strategy/local_cache_middleware.rb:29:in `call'
actionpack (5.2.8) lib/action_dispatch/middleware/executor.rb:14:in `call'
actionpack (5.2.8) lib/action_dispatch/middleware/static.rb:127:in `call'
rack (2.2.3.1) lib/rack/sendfile.rb:110:in `call'
railties (5.2.8) lib/rails/engine.rb:524:in `call'
puma (3.12.6) lib/puma/configuration.rb:227:in `call'
puma (3.12.6) lib/puma/server.rb:706:in `handle_request'
puma (3.12.6) lib/puma/server.rb:476:in `process_client'
puma (3.12.6) lib/puma/server.rb:334:in `block in run'
puma (3.12.6) lib/puma/thread_pool.rb:135:in `block in spawn_thread'
Started POST "/users?some_category[a_key]=another+value&some_category[a_second_key]=yet+another+value" for 127.0.0.1 at 2022-06-29 12:18:14 -0700
Processing by UsersController#create as */*
  Parameters: {"some_category"=>{"a_key"=>"another value", "a_second_key"=>"yet another value"}, "something_else"=>"aaahhhhh"}
Completed 200 OK in 1ms (Views: 0.4ms | ActiveRecord: 0.0ms)


  [1m[35m (23.9ms)[0m  [1m[35mCREATE TABLE "schema_migrations" ("version" character varying NOT NULL PRIMARY KEY)[0m
  ↳ bin/rails:9
  [1m[35m (11.9ms)[0m  [1m[35mCREATE TABLE "ar_internal_metadata" ("key" character varying NOT NULL PRIMARY KEY, "value" character varying, "created_at" timestamp NOT NULL, "updated_at" timestamp NOT NULL)[0m
  ↳ bin/rails:9
  [1m[35m (0.4ms)[0m  [1m[34mSELECT pg_try_advisory_lock(642293562874849410)[0m
  ↳ bin/rails:9
  [1m[35m (0.9ms)[0m  [1m[34mSELECT "schema_migrations"."version" FROM "schema_migrations" ORDER BY "schema_migrations"."version" ASC[0m
  ↳ bin/rails:9
Migrating to CreateUsers (20220629192051)
  [1m[35m (0.3ms)[0m  [1m[35mBEGIN[0m
  ↳ bin/rails:9
  [1m[35m (12.3ms)[0m  [1m[35mCREATE TABLE "users" ("id" bigserial primary key, "name" character varying NOT NULL, "email" character varying NOT NULL)[0m
  ↳ db/migrate/20220629192051_create_users.rb:3
  [1m[36mActiveRecord::SchemaMigration Create (1.2ms)[0m  [1m[32mINSERT INTO "schema_migrations" ("version") VALUES ($1) RETURNING "version"[0m  [["version", "20220629192051"]]
  ↳ bin/rails:9
  [1m[35m (1.6ms)[0m  [1m[35mCOMMIT[0m
  ↳ bin/rails:9
  [1m[36mActiveRecord::InternalMetadata Load (0.8ms)[0m  [1m[34mSELECT  "ar_internal_metadata".* FROM "ar_internal_metadata" WHERE "ar_internal_metadata"."key" = $1 LIMIT $2[0m  [["key", "environment"], ["LIMIT", 1]]
  ↳ bin/rails:9
  [1m[35m (0.3ms)[0m  [1m[35mBEGIN[0m
  ↳ bin/rails:9
  [1m[36mActiveRecord::InternalMetadata Create (1.4ms)[0m  [1m[32mINSERT INTO "ar_internal_metadata" ("key", "value", "created_at", "updated_at") VALUES ($1, $2, $3, $4) RETURNING "key"[0m  [["key", "environment"], ["value", "development"], ["created_at", "2022-06-29 19:22:06.237720"], ["updated_at", "2022-06-29 19:22:06.237720"]]
  ↳ bin/rails:9
  [1m[35m (1.7ms)[0m  [1m[35mCOMMIT[0m
  ↳ bin/rails:9
  [1m[35m (0.5ms)[0m  [1m[34mSELECT pg_advisory_unlock(642293562874849410)[0m
  ↳ bin/rails:9
  [1m[35m (0.8ms)[0m  [1m[34mSELECT "schema_migrations"."version" FROM "schema_migrations" ORDER BY "schema_migrations"."version" ASC[0m
  ↳ bin/rails:9
  [1m[36mUser Load (0.9ms)[0m  [1m[34mSELECT  "users".* FROM "users" LIMIT $1[0m  [["LIMIT", 11]]
  [1m[35m (0.4ms)[0m  [1m[35mBEGIN[0m
  [1m[36mUser Create (1.9ms)[0m  [1m[32mINSERT INTO "users" ("name", "email") VALUES ($1, $2) RETURNING "id"[0m  [["name", "Deborah"], ["email", "deborah@gmail.com"]]
  [1m[35m (41.6ms)[0m  [1m[35mCOMMIT[0m
  [1m[35m (0.5ms)[0m  [1m[35mBEGIN[0m
  [1m[36mUser Create (0.9ms)[0m  [1m[32mINSERT INTO "users" ("name", "email") VALUES ($1, $2) RETURNING "id"[0m  [["name", "Carlos"], ["email", "carlos@gmail.com"]]
  [1m[35m (2.3ms)[0m  [1m[35mCOMMIT[0m
  [1m[35m (0.4ms)[0m  [1m[35mBEGIN[0m
  [1m[36mUser Create (0.8ms)[0m  [1m[32mINSERT INTO "users" ("name", "email") VALUES ($1, $2) RETURNING "id"[0m  [["name", "Leon"], ["email", "leon@outlook.com"]]
  [1m[35m (2.2ms)[0m  [1m[35mCOMMIT[0m
  [1m[36mUser Load (1.1ms)[0m  [1m[34mSELECT  "users".* FROM "users" LIMIT $1[0m  [["LIMIT", 11]]
  [1m[36mUser Load (0.9ms)[0m  [1m[34mSELECT  "users".* FROM "users" ORDER BY "users"."id" DESC LIMIT $1[0m  [["LIMIT", 1]]
Started GET "/users/1" for 127.0.0.1 at 2022-06-29 12:32:23 -0700
  [1m[35m (1.1ms)[0m  [1m[34mSELECT "schema_migrations"."version" FROM "schema_migrations" ORDER BY "schema_migrations"."version" ASC[0m
  ↳ /home/stachecoding2/.rbenv/versions/2.5.1/lib/ruby/gems/2.5.0/gems/activerecord-5.2.8/lib/active_record/log_subscriber.rb:98
Processing by UsersController#show as */*
  Parameters: {"id"=>"1"}
Completed 200 OK in 2ms (Views: 0.5ms | ActiveRecord: 0.0ms)


Started GET "/users/2" for 127.0.0.1 at 2022-06-29 12:32:33 -0700
Processing by UsersController#show as */*
  Parameters: {"id"=>"2"}
Completed 200 OK in 1ms (Views: 0.4ms | ActiveRecord: 0.0ms)


  [1m[36mUser Load (0.7ms)[0m  [1m[34mSELECT  "users".* FROM "users" LIMIT $1[0m  [["LIMIT", 11]]
Started GET "/users/4" for 127.0.0.1 at 2022-06-29 12:34:16 -0700
Processing by UsersController#show as */*
  Parameters: {"id"=>"4"}
Completed 200 OK in 1ms (Views: 0.2ms | ActiveRecord: 0.0ms)


Started GET "/users/6" for 127.0.0.1 at 2022-06-29 12:34:20 -0700
Processing by UsersController#show as */*
  Parameters: {"id"=>"6"}
Completed 200 OK in 1ms (Views: 0.3ms | ActiveRecord: 0.0ms)


Started GET "/users/3" for 127.0.0.1 at 2022-06-29 12:34:23 -0700
Processing by UsersController#show as */*
  Parameters: {"id"=>"3"}
Completed 200 OK in 1ms (Views: 0.3ms | ActiveRecord: 0.0ms)


Started GET "/users/" for 127.0.0.1 at 2022-06-29 12:35:50 -0700
Processing by UsersController#index as */*
  [1m[36mUser Load (1.1ms)[0m  [1m[34mSELECT "users".* FROM "users"[0m
  ↳ app/controllers/users_controller.rb:5
Completed 200 OK in 33ms (Views: 8.9ms | ActiveRecord: 8.4ms)


Started POST "/users/create" for 127.0.0.1 at 2022-06-29 12:40:25 -0700
  
ActionController::RoutingError (No route matches [POST] "/users/create"):
  
actionpack (5.2.8) lib/action_dispatch/middleware/debug_exceptions.rb:65:in `call'
web-console (3.7.0) lib/web_console/middleware.rb:135:in `call_app'
web-console (3.7.0) lib/web_console/middleware.rb:30:in `block in call'
web-console (3.7.0) lib/web_console/middleware.rb:20:in `catch'
web-console (3.7.0) lib/web_console/middleware.rb:20:in `call'
actionpack (5.2.8) lib/action_dispatch/middleware/show_exceptions.rb:33:in `call'
railties (5.2.8) lib/rails/rack/logger.rb:38:in `call_app'
railties (5.2.8) lib/rails/rack/logger.rb:26:in `block in call'
activesupport (5.2.8) lib/active_support/tagged_logging.rb:71:in `block in tagged'
activesupport (5.2.8) lib/active_support/tagged_logging.rb:28:in `tagged'
activesupport (5.2.8) lib/active_support/tagged_logging.rb:71:in `tagged'
railties (5.2.8) lib/rails/rack/logger.rb:26:in `call'
sprockets-rails (3.4.2) lib/sprockets/rails/quiet_assets.rb:13:in `call'
actionpack (5.2.8) lib/action_dispatch/middleware/remote_ip.rb:81:in `call'
actionpack (5.2.8) lib/action_dispatch/middleware/request_id.rb:27:in `call'
rack (2.2.3.1) lib/rack/method_override.rb:24:in `call'
rack (2.2.3.1) lib/rack/runtime.rb:22:in `call'
activesupport (5.2.8) lib/active_support/cache/strategy/local_cache_middleware.rb:29:in `call'
actionpack (5.2.8) lib/action_dispatch/middleware/executor.rb:14:in `call'
actionpack (5.2.8) lib/action_dispatch/middleware/static.rb:127:in `call'
rack (2.2.3.1) lib/rack/sendfile.rb:110:in `call'
railties (5.2.8) lib/rails/engine.rb:524:in `call'
puma (3.12.6) lib/puma/configuration.rb:227:in `call'
puma (3.12.6) lib/puma/server.rb:706:in `handle_request'
puma (3.12.6) lib/puma/server.rb:476:in `process_client'
puma (3.12.6) lib/puma/server.rb:334:in `block in run'
puma (3.12.6) lib/puma/thread_pool.rb:135:in `block in spawn_thread'
Started POST "/users" for 127.0.0.1 at 2022-06-29 12:41:59 -0700

SyntaxError - syntax error, unexpected end-of-input, expecting keyword_end:
  app/controllers/users_controller.rb:26:in `'

Started POST "/users" for 127.0.0.1 at 2022-06-29 12:42:16 -0700
Processing by UsersController#create as */*
  Parameters: {"user"=>{"name"=>"Lobster", "email"=>"lobster@gmail.com"}}
  [1m[35m (0.6ms)[0m  [1m[35mBEGIN[0m
  ↳ app/controllers/users_controller.rb:10
  [1m[36mUser Create (1.4ms)[0m  [1m[32mINSERT INTO "users" ("name", "email") VALUES ($1, $2) RETURNING "id"[0m  [["name", "Lobster"], ["email", "lobster@gmail.com"]]
  ↳ app/controllers/users_controller.rb:10
  [1m[35m (14.6ms)[0m  [1m[35mCOMMIT[0m
  ↳ app/controllers/users_controller.rb:10
Redirected to http://localhost:3000/users/4
Completed 302 Found in 47ms (ActiveRecord: 23.7ms)


Started GET "/users/4" for 127.0.0.1 at 2022-06-29 12:42:17 -0700
Processing by UsersController#show as */*
  Parameters: {"id"=>"4"}
Completed 400 Bad Request in 2ms (ActiveRecord: 0.0ms)



ActionController::ParameterMissing - param is missing or the value is empty: user:
  app/controllers/users_controller.rb:23:in `user_params'
  app/controllers/users_controller.rb:18:in `show'

Started POST "/users" for 127.0.0.1 at 2022-06-29 12:42:51 -0700
Processing by UsersController#create as */*
  Parameters: {"user"=>{"name"=>"Lobster", "email"=>"lobster@gmail.com"}}
  [1m[35m (1.1ms)[0m  [1m[35mBEGIN[0m
  ↳ app/controllers/users_controller.rb:11
  [1m[36mUser Create (5.2ms)[0m  [1m[32mINSERT INTO "users" ("name", "email") VALUES ($1, $2) RETURNING "id"[0m  [["name", "Lobster"], ["email", "lobster@gmail.com"]]
  ↳ app/controllers/users_controller.rb:11
  [1m[35m (15.5ms)[0m  [1m[35mCOMMIT[0m
  ↳ app/controllers/users_controller.rb:11
Redirected to http://localhost:3000/users/5
Completed 302 Found in 92679ms (ActiveRecord: 30.7ms)


Started GET "/users/5" for 127.0.0.1 at 2022-06-29 12:44:23 -0700
Processing by UsersController#show as */*
  Parameters: {"id"=>"5"}
Completed 400 Bad Request in 1ms (ActiveRecord: 0.0ms)



ActionController::ParameterMissing - param is missing or the value is empty: user:
  app/controllers/users_controller.rb:24:in `user_params'
  app/controllers/users_controller.rb:19:in `show'

Started POST "/users" for 127.0.0.1 at 2022-06-29 12:44:48 -0700
Processing by UsersController#create as */*
  Parameters: {"user"=>{"name"=>"Lobster", "email"=>"lobster@gmail.com"}}
  [1m[35m (0.9ms)[0m  [1m[35mBEGIN[0m
  ↳ app/controllers/users_controller.rb:11
  [1m[36mUser Create (1.0ms)[0m  [1m[32mINSERT INTO "users" ("name", "email") VALUES ($1, $2) RETURNING "id"[0m  [["name", "Lobster"], ["email", "lobster@gmail.com"]]
  ↳ app/controllers/users_controller.rb:11
  [1m[35m (23.7ms)[0m  [1m[35mCOMMIT[0m
  ↳ app/controllers/users_controller.rb:11
Redirected to http://localhost:3000/users/6
Completed 302 Found in 10157ms (ActiveRecord: 25.6ms)


Started GET "/users/6" for 127.0.0.1 at 2022-06-29 12:44:58 -0700
Processing by UsersController#show as */*
  Parameters: {"id"=>"6"}
Completed 400 Bad Request in 1ms (ActiveRecord: 0.0ms)



ActionController::ParameterMissing - param is missing or the value is empty: user:
  app/controllers/users_controller.rb:24:in `user_params'
  app/controllers/users_controller.rb:19:in `show'

Started POST "/users" for 127.0.0.1 at 2022-06-29 12:45:09 -0700
Processing by UsersController#create as */*
  Parameters: {"user"=>{"name"=>"Lobster", "email"=>"lobster@gmail.com"}}
Completed 400 Bad Request in 2171ms (ActiveRecord: 0.0ms)



ActionController::ParameterMissing - param is missing or the value is empty: users:
  app/controllers/users_controller.rb:24:in `user_params'
  app/controllers/users_controller.rb:10:in `create'

Started GET "/users?user[name]=Lobster&user[email]=lobster@shack.com" for ::1 at 2022-06-29 13:13:59 -0700
Processing by UsersController#index as */*
  Parameters: {"user"=>{"name"=>"Lobster", "email"=>"lobster@shack.com"}}
  [1m[36mUser Load (1.4ms)[0m  [1m[34mSELECT "users".* FROM "users"[0m
  ↳ app/controllers/users_controller.rb:5
Completed 200 OK in 32ms (Views: 10.9ms | ActiveRecord: 16.3ms)


  [1m[36mUser Load (3.7ms)[0m  [1m[34mSELECT  "users".* FROM "users" LIMIT $1[0m  [["LIMIT", 11]]
  [1m[36mUser Load (0.7ms)[0m  [1m[34mSELECT  "users".* FROM "users" LIMIT $1[0m  [["LIMIT", 11]]
Started GET "/users?user[name]=Victor&user[email]=Victor@shack.com" for ::1 at 2022-06-29 13:18:06 -0700
  [1m[35m (1.6ms)[0m  [1m[34mSELECT "schema_migrations"."version" FROM "schema_migrations" ORDER BY "schema_migrations"."version" ASC[0m
  ↳ /home/stachecoding2/.rbenv/versions/2.5.1/lib/ruby/gems/2.5.0/gems/activerecord-5.2.8/lib/active_record/log_subscriber.rb:98
Processing by UsersController#index as */*
  Parameters: {"user"=>{"name"=>"Victor", "email"=>"Victor@shack.com"}}
  [1m[36mUser Load (1.0ms)[0m  [1m[34mSELECT "users".* FROM "users"[0m
  ↳ app/controllers/users_controller.rb:5
Completed 200 OK in 30ms (Views: 10.1ms | ActiveRecord: 8.2ms)


  [1m[36mUser Load (0.8ms)[0m  [1m[34mSELECT  "users".* FROM "users" LIMIT $1[0m  [["LIMIT", 11]]
Started GET "/users?user[name]=Victor&user[email]=Victor@shack.com" for ::1 at 2022-06-29 13:19:58 -0700
Processing by UsersController#index as */*
  Parameters: {"user"=>{"name"=>"Victor", "email"=>"Victor@shack.com"}}
  [1m[36mUser Load (1.0ms)[0m  [1m[34mSELECT "users".* FROM "users"[0m
  ↳ app/controllers/users_controller.rb:5
Completed 200 OK in 27ms (Views: 9.0ms | ActiveRecord: 9.8ms)


  [1m[36mUser Load (0.8ms)[0m  [1m[34mSELECT  "users".* FROM "users" LIMIT $1[0m  [["LIMIT", 11]]
Started GET "/users" for ::1 at 2022-06-29 13:21:27 -0700
Processing by UsersController#index as */*
  [1m[36mUser Load (2.4ms)[0m  [1m[34mSELECT "users".* FROM "users"[0m
  ↳ app/controllers/users_controller.rb:5
Completed 200 OK in 29ms (Views: 15.7ms | ActiveRecord: 8.4ms)


Started POST "/users?User[name]=Victor&User[email]=Victor@hotmail.com" for ::1 at 2022-06-29 13:22:14 -0700
Processing by UsersController#create as */*
  Parameters: {"User"=>{"name"=>"Victor", "email"=>"Victor@hotmail.com"}}
Completed 400 Bad Request in 99667ms (ActiveRecord: 0.0ms)



ActionController::ParameterMissing - param is missing or the value is empty: user:
  app/controllers/users_controller.rb:24:in `user_params'
  app/controllers/users_controller.rb:10:in `create'

  [1m[36mUser Load (2.3ms)[0m  [1m[34mSELECT  "users".* FROM "users" LIMIT $1[0m  [["LIMIT", 11]]
  [1m[36mUser Load (1.4ms)[0m  [1m[34mSELECT  "users".* FROM "users" LIMIT $1[0m  [["LIMIT", 11]]
Started POST "/users?User[name]=Victor&User[email]=Victor@hotmail.com" for ::1 at 2022-06-29 13:39:42 -0700
Processing by UsersController#create as */*
  Parameters: {"User"=>{"name"=>"Victor", "email"=>"Victor@hotmail.com"}}
Completed 400 Bad Request in 5ms (ActiveRecord: 0.0ms)



ActionController::ParameterMissing - param is missing or the value is empty: user:
  app/controllers/users_controller.rb:24:in `user_params'
  app/controllers/users_controller.rb:10:in `create'

Started POST "/users?user[name]=Victor&user[email]=Victor@hotmail.com" for ::1 at 2022-06-29 13:40:38 -0700
Processing by UsersController#create as */*
  Parameters: {"user"=>{"name"=>"Victor", "email"=>"Victor@hotmail.com"}}
  [1m[35m (0.6ms)[0m  [1m[35mBEGIN[0m
  ↳ app/controllers/users_controller.rb:11
  [1m[36mUser Create (2.7ms)[0m  [1m[32mINSERT INTO "users" ("name", "email") VALUES ($1, $2) RETURNING "id"[0m  [["name", "Victor"], ["email", "Victor@hotmail.com"]]
  ↳ app/controllers/users_controller.rb:11
  [1m[35m (44.5ms)[0m  [1m[35mCOMMIT[0m
  ↳ app/controllers/users_controller.rb:11
Completed 200 OK in 72ms (Views: 0.6ms | ActiveRecord: 57.6ms)


Started DELETE "/users/4" for ::1 at 2022-06-29 13:43:02 -0700

AbstractController::ActionNotFound - The action 'destroy' could not be found for UsersController:

Started DELETE "/users/4" for ::1 at 2022-06-29 13:43:40 -0700

AbstractController::ActionNotFound - The action 'destroy' could not be found for UsersController:

Started DELETE "/users/4" for ::1 at 2022-06-29 13:43:51 -0700

AbstractController::ActionNotFound - The action 'destroy' could not be found for UsersController:

Started DELETE "/users/4" for ::1 at 2022-06-29 13:44:45 -0700
Processing by UsersController#destroy as */*
  Parameters: {"id"=>"4"}
  [1m[36mUser Load (1.1ms)[0m  [1m[34mSELECT  "users".* FROM "users" WHERE "users"."id" = $1 LIMIT $2[0m  [["id", 4], ["LIMIT", 1]]
  ↳ app/controllers/users_controller.rb:39
  [1m[35m (1.0ms)[0m  [1m[35mBEGIN[0m
  ↳ app/controllers/users_controller.rb:40
  [1m[36mUser Destroy (1.3ms)[0m  [1m[31mDELETE FROM "users" WHERE "users"."id" = $1[0m  [["id", 4]]
  ↳ app/controllers/users_controller.rb:40
  [1m[35m (2.3ms)[0m  [1m[35mCOMMIT[0m
  ↳ app/controllers/users_controller.rb:40
Redirected to http://localhost:3000/users/4
Completed 302 Found in 81323ms (ActiveRecord: 18.9ms)


Started GET "/users/4" for ::1 at 2022-06-29 13:46:06 -0700
Processing by UsersController#show as */*
  Parameters: {"id"=>"4"}
Completed 400 Bad Request in 3ms (ActiveRecord: 0.0ms)



ActionController::ParameterMissing - param is missing or the value is empty: user:
  app/controllers/users_controller.rb:24:in `user_params'
  app/controllers/users_controller.rb:19:in `show'

  [1m[36mUser Load (2.1ms)[0m  [1m[34mSELECT  "users".* FROM "users" LIMIT $1[0m  [["LIMIT", 11]]
Started DELETE "/users/5" for ::1 at 2022-06-29 13:47:17 -0700
Processing by UsersController#delete as */*
  Parameters: {"id"=>"5"}
  [1m[36mUser Load (0.8ms)[0m  [1m[34mSELECT  "users".* FROM "users" WHERE "users"."id" = $1 LIMIT $2[0m  [["id", 5], ["LIMIT", 1]]
  ↳ app/controllers/users_controller.rb:39
  [1m[35m (1.9ms)[0m  [1m[35mBEGIN[0m
  ↳ app/controllers/users_controller.rb:40
  [1m[36mUser Destroy (1.2ms)[0m  [1m[31mDELETE FROM "users" WHERE "users"."id" = $1[0m  [["id", 5]]
  ↳ app/controllers/users_controller.rb:40
  [1m[35m (6.1ms)[0m  [1m[35mCOMMIT[0m
  ↳ app/controllers/users_controller.rb:40
Redirected to http://localhost:3000/users/5
Completed 302 Found in 18384ms (ActiveRecord: 17.8ms)


Started GET "/users/5" for ::1 at 2022-06-29 13:47:35 -0700
Processing by UsersController#show as */*
  Parameters: {"id"=>"5"}
Completed 400 Bad Request in 4ms (ActiveRecord: 0.0ms)



ActionController::ParameterMissing - param is missing or the value is empty: user:
  app/controllers/users_controller.rb:24:in `user_params'
  app/controllers/users_controller.rb:19:in `show'

  [1m[36mUser Load (0.6ms)[0m  [1m[34mSELECT  "users".* FROM "users" LIMIT $1[0m  [["LIMIT", 11]]
Started DELETE "/users/6" for ::1 at 2022-06-29 13:48:43 -0700
Processing by UsersController#delete as */*
  Parameters: {"id"=>"6"}
  [1m[36mUser Load (0.7ms)[0m  [1m[34mSELECT  "users".* FROM "users" WHERE "users"."id" = $1 LIMIT $2[0m  [["id", 6], ["LIMIT", 1]]
  ↳ app/controllers/users_controller.rb:39
  [1m[35m (0.5ms)[0m  [1m[35mBEGIN[0m
  ↳ app/controllers/users_controller.rb:40
  [1m[36mUser Destroy (0.9ms)[0m  [1m[31mDELETE FROM "users" WHERE "users"."id" = $1[0m  [["id", 6]]
  ↳ app/controllers/users_controller.rb:40
  [1m[35m (2.2ms)[0m  [1m[35mCOMMIT[0m
  ↳ app/controllers/users_controller.rb:40
No template found for UsersController#delete, rendering head :no_content
Completed 204 No Content in 12162ms (ActiveRecord: 8.9ms)


  [1m[36mUser Load (1.0ms)[0m  [1m[34mSELECT  "users".* FROM "users" LIMIT $1[0m  [["LIMIT", 11]]
